nohup: ignorando entrada
Crop conditions area [1700251]: 6381.36
Crop conditions area [1700350]: 20459.61
Crop conditions area [1700400]: 5905.26
Crop conditions area [1700707]: 26973.18
Crop conditions area [1701051]: 776.97
Crop conditions area [1701101]: 10879.74
Crop conditions area [1701903]: 29000.79
Crop conditions area [1702000]: 111525.03
Crop conditions area [1702406]: 2522.61
Crop conditions area [1702703]: 148.77
Crop conditions area [1703008]: 317.07
Crop conditions area [1703073]: 5418.81
Crop conditions area [1703107]: 3170.52
Crop conditions area [1703305]: 5560.2
Crop conditions area [1703602]: 5445.72
Crop conditions area [1703701]: 21858.39
Crop conditions area [1703842]: 8524.26
Crop conditions area [1703867]: 23912.64
Crop conditions area [1703909]: 33621.48
Crop conditions area [1704105]: 1122.48
Crop conditions area [1705102]: 13276.53
Restauration area [1705508]: 1857.51
Crop conditions area [1705508]: 7365.24
Crop conditions area [1705557]: 95.13
Crop conditions area [1706001]: 15014.25
Crop conditions area [1706100]: 32382.36
Crop conditions area [1706258]: 13683.96
Crop conditions area [1706506]: 5665.77
Crop conditions area [1707009]: 1293.3
Crop conditions area [1707108]: 13557.24
Crop conditions area [1707207]: 16780.68
Crop conditions area [1707306]: 12889.8
Crop conditions area [1707553]: 7418.07
Crop conditions area [1707652]: 35600.13
Crop conditions area [1707702]: 3360.24
Crop conditions area [1708205]: 37664.73
Crop conditions area [1708254]: 5466.87
Crop conditions area [1708304]: 25276.5
Crop conditions area [1709005]: 11729.52
Crop conditions area [1709302]: 10909.44
Crop conditions area [1709500]: 32662.53
Crop conditions area [1709807]: 7404.48
Crop conditions area [1710508]: 9831.87
Crop conditions area [1710904]: 11862.18
Crop conditions area [1711506]: 9503.37
Crop conditions area [1711902]: 36812.07
Crop conditions area [1711951]: 314.55
Crop conditions area [1712009]: 394.83
Crop conditions area [1712157]: 25.65
Crop conditions area [1712405]: 906.75
Crop conditions area [1712504]: 49883.13
Crop conditions area [1712702]: 2671.47
Crop conditions area [1713205]: 33287.22
Crop conditions area [1713304]: 17850.87
Crop conditions area [1713601]: 17314.65
Crop conditions area [1713809]: 1373.22
Crop conditions area [1714203]: 4127.22
Crop conditions area [1714880]: 7594.2
Crop conditions area [1715002]: 7522.38
Crop conditions area [1715101]: 2702.79
Crop conditions area [1715150]: 518.04
Crop conditions area [1715259]: 2555.1
Crop conditions area [1715507]: 3940.92
Crop conditions area [1715705]: 18737.46
Crop conditions area [1715754]: 18285.21
Crop conditions area [1716109]: 8815.05
Crop conditions area [1716208]: 460.26
Crop conditions area [1716505]: 7606.98
Crop conditions area [1716604]: 90111.51
Crop conditions area [1716653]: 4007.61
Crop conditions area [1716703]: 411.12
Crop conditions area [1717008]: 121.41
Crop conditions area [1717206]: 1166.49
Crop conditions area [1717503]: 54936.0
Crop conditions area [1717800]: 3800.16
Crop conditions area [1718006]: 2193.21
Crop conditions area [1718204]: 46140.57
Crop conditions area [1718402]: 4750.47
Crop conditions area [1718451]: 5984.37
Crop conditions area [1718501]: 110.07
Crop conditions area [1718659]: 296.37
Crop conditions area [1718709]: 7352.82
Crop conditions area [1718758]: 5070.51
Crop conditions area [1718840]: 2787.03
Crop conditions area [1718881]: 6923.61
Crop conditions area [1718899]: 37767.51
Crop conditions area [1718907]: 15261.3
Crop conditions area [1719004]: 1428.12
Crop conditions area [1720002]: 736.29
Crop conditions area [1720259]: 183.15
Crop conditions area [1720499]: 22012.92
Crop conditions area [1720655]: 12320.46
Crop conditions area [1720853]: 24978.87
Crop conditions area [1720903]: 12640.23
Crop conditions area [1720978]: 53219.25
Crop conditions area [1721000]: 8429.31
Crop conditions area [1721109]: 3425.13
Crop conditions area [1721257]: 4441.68
Crop conditions area [1721307]: 4347.72
Crop conditions area [1722081]: 936.45
Crop conditions area [2100105]: 458.55
Crop conditions area [2100303]: 195.93
Crop conditions area [2100501]: 2767.68
Crop conditions area [2100600]: 79.74
Crop conditions area [2100808]: 3379.32
Crop conditions area [2101400]: 27849.24
Crop conditions area [2101707]: 36.54
PastureModel.py:208: RuntimeWarning: invalid value encountered in double_scalars
  minPastureArea = uaTotal / ( (uaTotal/pastureArea)*2 );
Crop conditions area [2101731]: 145.62
Crop conditions area [2101806]: 1960.74
Crop conditions area [2102101]: 2559.6
Crop conditions area [2102200]: 2371.32
Crop conditions area [2102754]: 1605.51
Crop conditions area [2102804]: 7136.19
Crop conditions area [2103000]: 3542.31
Crop conditions area [2103208]: 1711.62
Crop conditions area [2103307]: 3429.45
Crop conditions area [2103406]: 2.16
Crop conditions area [2103505]: 781.47
Crop conditions area [2103901]: 124.29
Crop conditions area [2104057]: 1173.51
Crop conditions area [2104073]: 5426.55
Crop conditions area [2104081]: 47.16
Crop conditions area [2104099]: 11748.15
Crop conditions area [2104107]: 14013.63
Crop conditions area [2104800]: 17374.86
Crop conditions area [2106102]: 11119.05
Crop conditions area [2106300]: 80.01
Crop conditions area [2106359]: 545.67
Crop conditions area [2106409]: 887.4
Crop conditions area [2106607]: 198.0
Crop conditions area [2106672]: 876.96
Crop conditions area [2106706]: 1701.63
Crop conditions area [2107100]: 3.24
Crop conditions area [2107258]: 7583.31
Crop conditions area [2107308]: 75.96
Crop conditions area [2107704]: 158.85
Crop conditions area [2107803]: 1799.19
Crop conditions area [2107902]: 12.6
Crop conditions area [2108009]: 2592.09
Crop conditions area [2108108]: 63.54
Crop conditions area [2108454]: 139.32
Crop conditions area [2109502]: 15195.51
Crop conditions area [2109700]: 5430.24
Crop conditions area [2110104]: 2239.47
Crop conditions area [2110237]: 2186.91
Crop conditions area [2110302]: 165.87
Crop conditions area [2110401]: 280.44
Crop conditions area [2110609]: 360.36
Crop conditions area [2110658]: 1013.94
Crop conditions area [2110807]: 3053.34
Crop conditions area [2111102]: 1898.37
Crop conditions area [2111573]: 2982.87
Crop conditions area [2111607]: 7945.83
Crop conditions area [2111805]: 8884.98
Crop conditions area [2111904]: 1927.98
Crop conditions area [2112001]: 4337.73
Crop conditions area [2112209]: 29.79
Crop conditions area [2112605]: 2061.09
Crop conditions area [2200459]: 645.84
Crop conditions area [2200806]: 227.61
Crop conditions area [2201150]: 16612.74
Crop conditions area [2201309]: 37.98
Crop conditions area [2201705]: 21.15
Crop conditions area [2201903]: 2236.5
Crop conditions area [2202174]: 1.08
Crop conditions area [2202901]: 3166.29
Crop conditions area [2203008]: 1006.74
Crop conditions area [2203230]: 2626.02
Crop conditions area [2204402]: 979.47
Crop conditions area [2204501]: 1354.68
Crop conditions area [2205607]: 594.27
Crop conditions area [2205854]: 0.54
Crop conditions area [2205904]: 367.56
Crop conditions area [2206001]: 172.08
Crop conditions area [2206100]: 19.71
Crop conditions area [2206605]: 745.83
Crop conditions area [2207405]: 2140.02
Crop conditions area [2207603]: 3370.14
Crop conditions area [2208551]: 1136.25
Crop conditions area [2208700]: 409.05
Crop conditions area [2208858]: 1242.0
Crop conditions area [2208908]: 9890.91
Crop conditions area [2209203]: 6024.6
Crop conditions area [2209757]: 472.41
Crop conditions area [2210623]: 540.99
Crop conditions area [2210631]: 5991.57
Crop conditions area [2211209]: 22088.16
Crop conditions area [2902500]: 20898.18
Crop conditions area [2903201]: 19745.19
Crop conditions area [2903904]: 1572.93
Crop conditions area [2907103]: 4597.2
Crop conditions area [2907400]: 860.31
Crop conditions area [2908101]: 18528.39
Crop conditions area [2909307]: 22760.55
Crop conditions area [2909703]: 1422.36
Crop conditions area [2910776]: 4268.97
Crop conditions area [2911105]: 6343.2
Crop conditions area [2917334]: 5666.76
Crop conditions area [2917359]: 23172.21
Crop conditions area [2919553]: 11930.4
Crop conditions area [2920205]: 6767.82
Crop conditions area [2926202]: 1175.94
Crop conditions area [2928208]: 8247.33
Crop conditions area [2928901]: 40359.6
Crop conditions area [2929057]: 1404.36
Crop conditions area [2930154]: 10160.82
Crop conditions area [2930303]: 83.97
Crop conditions area [2930758]: 3808.62
Crop conditions area [2930907]: 3213.99
Crop conditions area [3100104]: 21191.85
Crop conditions area [3100203]: 39044.88
Restauration area [3100708]: 5712.84
Crop conditions area [3100708]: 2666.88
Restauration area [3100807]: 661.95
Crop conditions area [3100807]: 1617.48
Crop conditions area [3101904]: 6043.68
Crop conditions area [3103504]: 22122.81
Crop conditions area [3103801]: 2467.53
Restauration area [3103900]: 205.74
Crop conditions area [3103900]: 7762.59
Crop conditions area [3104007]: 24964.2
Crop conditions area [3104106]: 1884.78
Restauration area [3104205]: 1400.85
Crop conditions area [3104205]: 9957.24
Crop conditions area [3104502]: 28651.23
Crop conditions area [3104809]: 204.84
Crop conditions area [3105103]: 37891.98
Crop conditions area [3107000]: 9942.66
Restauration area [3107109]: 2724.03
Crop conditions area [3107109]: 7157.97
Crop conditions area [3107406]: 34023.51
Crop conditions area [3108206]: 18228.78
Crop conditions area [3108552]: 11586.06
Crop conditions area [3109303]: 64114.29
Crop conditions area [3109402]: 14772.06
Crop conditions area [3109451]: 21405.15
Crop conditions area [3109600]: 626.22
Restauration area [3109808]: 18.0
Crop conditions area [3109808]: 284.31
Crop conditions area [3109907]: 1508.94
Crop conditions area [3111101]: 45801.27
Crop conditions area [3111309]: 34.29
Crop conditions area [3111408]: 20580.66
Crop conditions area [3111507]: 9952.65
Crop conditions area [3111606]: 1764.45
Restauration area [3111804]: 502.47
Crop conditions area [3111804]: 7777.17
Restauration area [3112000]: 1784.88
Crop conditions area [3112000]: 9589.95
Restauration area [3112406]: 798.57
Crop conditions area [3112406]: 7497.72
Restauration area [3112604]: 4710.06
Crop conditions area [3112604]: 7469.73
Crop conditions area [3112802]: 8004.87
Crop conditions area [3114006]: 66.15
Crop conditions area [3114204]: 2347.65
Crop conditions area [3114303]: 22780.62
Crop conditions area [3114402]: 4273.02
Restauration area [3114550]: 3781.71
Crop conditions area [3114550]: 4853.52
Crop conditions area [3115003]: 6500.52
Restauration area [3115102]: 1772.37
Crop conditions area [3115102]: 14019.39
Crop conditions area [3115607]: 424.89
Restauration area [3115805]: 153.45
Crop conditions area [3115805]: 3438.63
Crop conditions area [3116159]: 568.8
Restauration area [3116407]: 212.31
Crop conditions area [3116407]: 7151.31
Crop conditions area [3116605]: 2615.49
Crop conditions area [3116902]: 24484.77
Restauration area [3117306]: 12138.57
Crop conditions area [3117306]: 10252.53
Restauration area [3118205]: 4258.44
Crop conditions area [3118205]: 8576.91
Crop conditions area [3118700]: 1271.61
Crop conditions area [3119104]: 4051.26
Crop conditions area [3119302]: 44299.26
Crop conditions area [3119807]: 9098.37
Restauration area [3119955]: 1070.01
Crop conditions area [3119955]: 3254.4
Restauration area [3120201]: 5704.92
Crop conditions area [3120201]: 16599.51
Crop conditions area [3120706]: 4571.19
Crop conditions area [3121209]: 13741.92
Restauration area [3121258]: 719.91
Crop conditions area [3121258]: 1353.15
Crop conditions area [3122306]: 962.82
Crop conditions area [3122470]: 17494.83
Crop conditions area [3123205]: 34590.87
Restauration area [3123403]: 154.98
Crop conditions area [3123403]: 4481.46
Crop conditions area [3123502]: 6928.29
Crop conditions area [3124104]: 1809.54
Crop conditions area [3124708]: 14738.13
Restauration area [3124807]: 668.25
Crop conditions area [3124807]: 17944.02
Crop conditions area [3125705]: 4252.41
Restauration area [3126109]: 6603.75
Crop conditions area [3126109]: 24165.27
Crop conditions area [3126208]: 16961.22
Crop conditions area [3126307]: 30.78
Crop conditions area [3126406]: 1991.52
Restauration area [3127008]: 1819.62
Crop conditions area [3127008]: 3135.33
Restauration area [3127107]: 19643.4
Crop conditions area [3127107]: 42673.68
Restauration area [3127909]: 561.78
Crop conditions area [3127909]: 2610.45
Crop conditions area [3128105]: 15247.71
Crop conditions area [3128600]: 23500.8
Crop conditions area [3128907]: 8175.78
Crop conditions area [3129103]: 6732.36
Crop conditions area [3129509]: 39209.31
Crop conditions area [3129707]: 13813.65
Crop conditions area [3130051]: 2262.78
Crop conditions area [3130309]: 17640.54
Crop conditions area [3130507]: 4834.44
Restauration area [3130705]: 2183.4
Crop conditions area [3130705]: 4934.97
Crop conditions area [3131000]: 4561.56
Crop conditions area [3131604]: 5422.68
Crop conditions area [3132107]: 3953.79
Restauration area [3132909]: 623.07
Crop conditions area [3132909]: 3894.75
Restauration area [3133402]: 2827.53
Crop conditions area [3133402]: 33149.61
Crop conditions area [3133501]: 2393.82
Restauration area [3133758]: 246.33
Crop conditions area [3133758]: 973.08
Crop conditions area [3133808]: 1580.31
Crop conditions area [3134202]: 49781.97
Restauration area [3134400]: 6051.69
Crop conditions area [3134400]: 15900.66
Crop conditions area [3134806]: 1626.3
Crop conditions area [3135050]: 6833.97
Restauration area [3135308]: 1443.51
Crop conditions area [3135308]: 2698.65
Crop conditions area [3135605]: 4211.82
Crop conditions area [3136306]: 87986.79
Crop conditions area [3136959]: 3425.58
Crop conditions area [3137106]: 27335.07
Restauration area [3137205]: 1620.27
Crop conditions area [3137205]: 8248.95
Crop conditions area [3137304]: 2018.52
Crop conditions area [3137502]: 23162.04
Crop conditions area [3137536]: 29250.99
Crop conditions area [3138104]: 7186.5
Crop conditions area [3138302]: 4016.25
Restauration area [3138625]: 1901.07
Crop conditions area [3138625]: 4892.94
Crop conditions area [3138807]: 33992.91
Crop conditions area [3139706]: 3376.8
Crop conditions area [3140506]: 23672.7
Crop conditions area [3140852]: 4407.39
Crop conditions area [3141207]: 5496.93
Restauration area [3141306]: 501.12
Crop conditions area [3141306]: 24509.34
Crop conditions area [3142403]: 6518.16
Crop conditions area [3142700]: 5233.5
Crop conditions area [3142809]: 55035.9
Crop conditions area [3143104]: 26220.96
Crop conditions area [3143203]: 8276.13
Crop conditions area [3143500]: 24958.89
Crop conditions area [3144375]: 12211.74
Restauration area [3145000]: 148.14
Crop conditions area [3145000]: 11019.69
Crop conditions area [3145208]: 616.68
Crop conditions area [3146404]: 12241.62
Crop conditions area [3146503]: 12856.32
Crop conditions area [3146909]: 13225.59
Crop conditions area [3147006]: 123574.86
Crop conditions area [3147402]: 4052.52
Restauration area [3147907]: 5785.29
Crop conditions area [3147907]: 25769.97
Crop conditions area [3148004]: 65633.13
Crop conditions area [3148103]: 42545.43
Crop conditions area [3149200]: 4306.23
Crop conditions area [3149606]: 144.9
Crop conditions area [3149705]: 1992.51
Crop conditions area [3149804]: 34029.27
Crop conditions area [3150505]: 8527.05
Crop conditions area [3150570]: 4542.12
Restauration area [3150703]: 2780.28
Crop conditions area [3150703]: 865.98
Crop conditions area [3151206]: 4070.79
Crop conditions area [3151404]: 7209.72
Restauration area [3151503]: 3472.65
Crop conditions area [3151503]: 22553.19
Restauration area [3151602]: 2351.97
Crop conditions area [3151602]: 0.0
Crop conditions area [3152006]: 38688.75
Crop conditions area [3152808]: 121548.78
Crop conditions area [3152907]: 1207.71
Crop conditions area [3153004]: 15042.51
Crop conditions area [3153400]: 41987.61
Crop conditions area [3153707]: 9513.54
Crop conditions area [3154457]: 6401.43
Crop conditions area [3155504]: 22020.12
Restauration area [3156403]: 1049.58
Crop conditions area [3156403]: 3174.03
Crop conditions area [3156908]: 41058.45
Crop conditions area [3157609]: 3.51
Restauration area [3157708]: 200.97
Crop conditions area [3157708]: 7487.64
Crop conditions area [3159704]: 2751.57
Restauration area [3159803]: 5408.55
Crop conditions area [3159803]: 8301.6
Crop conditions area [3160405]: 16524.36
Crop conditions area [3161106]: 2683.71
Restauration area [3161304]: 4109.67
Crop conditions area [3161304]: 16285.68
Crop conditions area [3161700]: 10438.83
Crop conditions area [3162104]: 13440.51
Crop conditions area [3162203]: 7618.32
Crop conditions area [3162948]: 5303.97
Crop conditions area [3164209]: 9702.9
Crop conditions area [3164308]: 29414.79
Crop conditions area [3164605]: 566.28
Restauration area [3164704]: 554.04
Crop conditions area [3164704]: 18064.44
Restauration area [3165107]: 3283.65
Crop conditions area [3165107]: 7977.15
Crop conditions area [3166600]: 4678.92
Crop conditions area [3166808]: 18141.84
Crop conditions area [3167202]: 1821.33
Crop conditions area [3168101]: 14671.17
Crop conditions area [3168200]: 6621.48
Crop conditions area [3168903]: 18874.71
Crop conditions area [3169356]: 4481.55
Crop conditions area [3169604]: 11413.62
Crop conditions area [3170107]: 70762.23
Crop conditions area [3170206]: 70808.58
Crop conditions area [3170404]: 147839.76
Restauration area [3170438]: 7647.21
Crop conditions area [3170438]: 15777.27
Crop conditions area [3170479]: 3950.73
Crop conditions area [3170529]: 5263.11
Crop conditions area [3170602]: 5953.05
Crop conditions area [3170750]: 10177.38
Crop conditions area [3170800]: 12241.44
Crop conditions area [3171006]: 32622.12
Crop conditions area [3171030]: 1368.63
Crop conditions area [3171105]: 20286.36
Restauration area [3500303]: 2336.4
Crop conditions area [3500303]: 3421.71
Restauration area [3500550]: 2637.54
Crop conditions area [3500550]: 7386.84
Crop conditions area [3500600]: 7.38
Crop conditions area [3500709]: 10326.15
Crop conditions area [3500758]: 948.78
Restauration area [3500907]: 558.45
Crop conditions area [3500907]: 1397.07
Crop conditions area [3501004]: 6272.37
Restauration area [3501202]: 1801.8
Crop conditions area [3501202]: 7103.61
Restauration area [3501509]: 2.97
Crop conditions area [3501509]: 127.8
Restauration area [3501608]: 1365.21
Crop conditions area [3501608]: 729.0
Restauration area [3501707]: 424.44
Crop conditions area [3501707]: 555.21
Restauration area [3501806]: 1772.1
Crop conditions area [3501806]: 6467.4
Crop conditions area [3502002]: 2538.36
Crop conditions area [3502200]: 4052.43
Crop conditions area [3502309]: 476.1
Crop conditions area [3502705]: 0.0
Restauration area [3503000]: 2501.91
Crop conditions area [3503000]: 0.0
Restauration area [3503109]: 3623.85
Crop conditions area [3503109]: 4192.65
Restauration area [3503208]: 3937.23
Crop conditions area [3503208]: 4623.93
Restauration area [3503307]: 598.5
Crop conditions area [3503307]: 798.3
Restauration area [3503406]: 1796.04
Crop conditions area [3503406]: 8121.42
Restauration area [3503604]: 109.53
Crop conditions area [3503604]: 9.45
Restauration area [3503802]: 2352.6
Crop conditions area [3503802]: 1963.44
Restauration area [3504008]: 3489.93
Crop conditions area [3504008]: 5894.01
Restauration area [3504503]: 6704.55
Crop conditions area [3504503]: 20879.64
Restauration area [3504800]: 443.52
Crop conditions area [3504800]: 1336.05
Restauration area [3505203]: 995.67
Crop conditions area [3505203]: 453.06
Restauration area [3505500]: 8846.01
Crop conditions area [3505500]: 9080.82
Restauration area [3505609]: 944.91
Crop conditions area [3505609]: 0.0
Restauration area [3505906]: 4268.97
Crop conditions area [3505906]: 6589.89
Restauration area [3506003]: 1702.62
Crop conditions area [3506003]: 2296.26
Restauration area [3506102]: 5156.19
Crop conditions area [3506102]: 0.0
Crop conditions area [3506706]: 2535.57
Crop conditions area [3506805]: 2413.26
Crop conditions area [3507159]: 80.64
Restauration area [3507407]: 5130.9
Crop conditions area [3507407]: 2680.38
Restauration area [3507456]: 511.47
Crop conditions area [3507456]: 85.68
Crop conditions area [3507506]: 8154.99
Restauration area [3507803]: 695.07
Crop conditions area [3507803]: 2195.73
Restauration area [3507902]: 1801.44
Crop conditions area [3507902]: 12052.17
Crop conditions area [3508009]: 7506.63
Crop conditions area [3508207]: 3630.51
Restauration area [3508306]: 144.72
Crop conditions area [3508306]: 1102.77
Crop conditions area [3509403]: 2522.52
Crop conditions area [3509452]: 1260.45
Restauration area [3509502]: 196.74
Crop conditions area [3509502]: 676.17
Restauration area [3509809]: 2047.95
Crop conditions area [3509809]: 9017.91
Restauration area [3510005]: 160.92
Crop conditions area [3510005]: 0.0
Restauration area [3510104]: 136.35
Crop conditions area [3510104]: 146.43
Crop conditions area [3510203]: 1018.71
Restauration area [3510708]: 684.81
Crop conditions area [3510708]: 1525.14
Crop conditions area [3510807]: 7487.1
Crop conditions area [3510906]: 1470.15
Restauration area [3511409]: 4536.9
Crop conditions area [3511409]: 9472.77
Restauration area [3512001]: 3968.1
Crop conditions area [3512001]: 1670.4
Restauration area [3512100]: 3799.62
Crop conditions area [3512100]: 3039.75
Restauration area [3512209]: 2675.43
Crop conditions area [3512209]: 2571.03
Crop conditions area [3512308]: 118.98
Restauration area [3512407]: 92.61
Crop conditions area [3512407]: 0.0
Restauration area [3512605]: 554.04
Crop conditions area [3512605]: 520.11
Crop conditions area [3512704]: 1698.66
Restauration area [3512803]: 1280.07
Crop conditions area [3512803]: 928.71
Restauration area [3512902]: 1853.37
Crop conditions area [3512902]: 9417.69
Restauration area [3513108]: 2724.39
Crop conditions area [3513108]: 1139.04
Restauration area [3513207]: 2781.99
Crop conditions area [3513207]: 8761.14
Crop conditions area [3513702]: 4903.2
Restauration area [3514007]: 851.22
Crop conditions area [3514007]: 0.0
Restauration area [3514106]: 2916.18
Crop conditions area [3514106]: 773.28
Crop conditions area [3514304]: 1811.34
Restauration area [3514601]: 582.21
Crop conditions area [3514601]: 0.0
Restauration area [3514700]: 2093.49
Crop conditions area [3514700]: 6904.35
Restauration area [3515152]: 1049.94
Crop conditions area [3515152]: 1300.32
Restauration area [3515186]: 196.2
Crop conditions area [3515186]: 3358.98
Restauration area [3515194]: 1828.35
Crop conditions area [3515194]: 3975.3
Restauration area [3515608]: 622.08
Crop conditions area [3515608]: 367.83
Restauration area [3516200]: 3310.56
Crop conditions area [3516200]: 11532.15
Restauration area [3516853]: 1704.87
Crop conditions area [3516853]: 1294.02
Restauration area [3517406]: 9179.73
Crop conditions area [3517406]: 0.0
Restauration area [3517505]: 854.73
Crop conditions area [3517505]: 686.07
Restauration area [3517703]: 3953.07
Crop conditions area [3517703]: 0.0
Restauration area [3517901]: 167.04
Crop conditions area [3517901]: 0.0
Crop conditions area [3518503]: 0.36
Restauration area [3518602]: 964.17
Crop conditions area [3518602]: 0.0
Restauration area [3518859]: 2234.61
Crop conditions area [3518859]: 1405.8
Restauration area [3519055]: 585.36
Crop conditions area [3519055]: 1186.83
Restauration area [3519105]: 306.54
Crop conditions area [3519105]: 2500.92
Crop conditions area [3519253]: 4925.25
Crop conditions area [3519303]: 1718.55
Restauration area [3519501]: 187.02
Crop conditions area [3519501]: 0.0
Restauration area [3519600]: 3777.93
Crop conditions area [3519600]: 4265.19
Restauration area [3519808]: 1169.64
Crop conditions area [3519808]: 3647.25
Restauration area [3519907]: 411.48
Crop conditions area [3519907]: 1927.08
Restauration area [3520103]: 743.85
Crop conditions area [3520103]: 4369.68
Crop conditions area [3520608]: 1119.15
Crop conditions area [3521101]: 39.42
Restauration area [3521150]: 989.28
Crop conditions area [3521150]: 2820.51
Restauration area [3521309]: 4251.87
Crop conditions area [3521309]: 0.0
Crop conditions area [3521705]: 16873.02
Restauration area [3521804]: 5596.56
Crop conditions area [3521804]: 13239.81
Restauration area [3521903]: 2037.24
Crop conditions area [3521903]: 0.0
Restauration area [3522000]: 113.85
Crop conditions area [3522000]: 1146.6
Crop conditions area [3522307]: 11465.01
Crop conditions area [3522406]: 11966.85
Restauration area [3522604]: 173.16
Crop conditions area [3522604]: 3184.11
Restauration area [3522703]: 10187.73
Crop conditions area [3522703]: 7029.9
Restauration area [3522802]: 2.52
Crop conditions area [3522802]: 2.97
Crop conditions area [3523206]: 14146.38
Restauration area [3523503]: 909.36
Crop conditions area [3523503]: 5901.03
Crop conditions area [3523602]: 4884.66
Restauration area [3523701]: 549.09
Crop conditions area [3523701]: 4512.33
Restauration area [3523800]: 801.09
Crop conditions area [3523800]: 1973.79
Restauration area [3524105]: 6339.69
Crop conditions area [3524105]: 3944.25
Restauration area [3524204]: 2298.87
Crop conditions area [3524204]: 0.0
Restauration area [3524303]: 3833.19
Crop conditions area [3524303]: 0.0
Restauration area [3524709]: 507.24
Crop conditions area [3524709]: 1016.91
Restauration area [3525102]: 1201.23
Crop conditions area [3525102]: 2010.42
Restauration area [3525300]: 1787.31
Crop conditions area [3525300]: 0.0
Restauration area [3525409]: 1571.85
Crop conditions area [3525409]: 1543.95
Restauration area [3525607]: 1193.22
Crop conditions area [3525607]: 1107.9
Restauration area [3526704]: 194.94
Crop conditions area [3526704]: 526.41
Restauration area [3526803]: 6270.48
Crop conditions area [3526803]: 0.0
Restauration area [3526902]: 5032.44
Crop conditions area [3526902]: 5075.73
Crop conditions area [3527504]: 1094.13
Crop conditions area [3527603]: 1523.97
Restauration area [3527801]: 97.2
Crop conditions area [3527801]: 442.26
Restauration area [3527900]: 1349.01
Crop conditions area [3527900]: 2783.61
Restauration area [3528601]: 658.08
Crop conditions area [3528601]: 902.79
Restauration area [3528809]: 1967.67
Crop conditions area [3528809]: 215.37
Restauration area [3529005]: 225.63
Crop conditions area [3529005]: 1256.31
Restauration area [3529203]: 4115.88
Crop conditions area [3529203]: 14631.66
Restauration area [3529302]: 1856.61
Crop conditions area [3529302]: 3649.41
Restauration area [3529609]: 330.48
Crop conditions area [3529609]: 1749.33
Restauration area [3529708]: 7258.5
Crop conditions area [3529708]: 0.0
Restauration area [3530300]: 224.28
Crop conditions area [3530300]: 560.34
Restauration area [3530409]: 1252.89
Crop conditions area [3530409]: 3618.99
Crop conditions area [3530508]: 6685.65
Restauration area [3530706]: 6508.89
Crop conditions area [3530706]: 9284.04
Restauration area [3530805]: 5657.85
Crop conditions area [3530805]: 6040.08
Restauration area [3531308]: 1599.66
Crop conditions area [3531308]: 2756.52
Restauration area [3531407]: 1163.7
Crop conditions area [3531407]: 1949.13
Crop conditions area [3531506]: 84.87
Restauration area [3531902]: 10515.96
Crop conditions area [3531902]: 0.0
Restauration area [3532058]: 570.42
Crop conditions area [3532058]: 0.0
Restauration area [3532157]: 683.19
Crop conditions area [3532157]: 2036.16
Restauration area [3532603]: 433.17
Crop conditions area [3532603]: 1845.9
Crop conditions area [3532827]: 692.37
Restauration area [3532900]: 1311.39
Crop conditions area [3532900]: 0.0
Restauration area [3533007]: 1014.39
Crop conditions area [3533007]: 5617.98
Restauration area [3533403]: 209.79
Crop conditions area [3533403]: 424.89
Restauration area [3533502]: 101.25
Crop conditions area [3533502]: 0.0
Restauration area [3533601]: 3617.37
Crop conditions area [3533601]: 523.89
Restauration area [3533700]: 238.14
Crop conditions area [3533700]: 3536.01
Restauration area [3533809]: 131.58
Crop conditions area [3533809]: 279.36
Restauration area [3533908]: 1100.97
Crop conditions area [3533908]: 1451.34
Restauration area [3534005]: 1924.2
Crop conditions area [3534005]: 1333.08
Crop conditions area [3534203]: 186.93
Restauration area [3534302]: 3363.39
Crop conditions area [3534302]: 1648.98
Restauration area [3534500]: 16.83
Crop conditions area [3534500]: 17.91
Restauration area [3535002]: 3777.57
Crop conditions area [3535002]: 10093.59
Restauration area [3535309]: 94.59
Crop conditions area [3535309]: 0.0
Restauration area [3535507]: 8022.78
Crop conditions area [3535507]: 9275.76
Restauration area [3535804]: 4443.21
Crop conditions area [3535804]: 14354.19
Restauration area [3536109]: 150.84
Crop conditions area [3536109]: 259.56
Restauration area [3536257]: 0.0
Crop conditions area [3536257]: 0.0
Crop conditions area [3536307]: 10021.32
Restauration area [3536505]: 1058.58
Crop conditions area [3536505]: 2250.9
Crop conditions area [3536570]: 3890.88
Restauration area [3536604]: 357.93
Crop conditions area [3536604]: 507.87
Restauration area [3536703]: 3879.9
Crop conditions area [3536703]: 3486.33
Crop conditions area [3537008]: 14140.08
Restauration area [3538105]: 372.96
Crop conditions area [3538105]: 197.55
Restauration area [3538709]: 2161.8
Crop conditions area [3538709]: 223.92
Crop conditions area [3538808]: 1556.37
Crop conditions area [3539301]: 2040.48
Crop conditions area [3539400]: 15.75
Restauration area [3539509]: 2149.38
Crop conditions area [3539509]: 0.0
Restauration area [3539707]: 3032.82
Crop conditions area [3539707]: 5468.04
Restauration area [3540200]: 1669.77
Crop conditions area [3540200]: 0.0
Restauration area [3540309]: 337.41
Crop conditions area [3540309]: 2452.05
Crop conditions area [3540705]: 185.67
Restauration area [3540903]: 578.07
Crop conditions area [3540903]: 0.0
Restauration area [3541059]: 932.94
Crop conditions area [3541059]: 2184.48
Restauration area [3541703]: 106.02
Crop conditions area [3541703]: 257.22
Restauration area [3542206]: 2928.78
Crop conditions area [3542206]: 12583.62
Restauration area [3542404]: 1253.79
Crop conditions area [3542404]: 4419.18
Restauration area [3542701]: 1435.41
Crop conditions area [3542701]: 3461.58
Crop conditions area [3542909]: 3360.15
Restauration area [3543105]: 1741.32
Crop conditions area [3543105]: 1909.62
Restauration area [3543204]: 1627.02
Crop conditions area [3543204]: 891.99
Restauration area [3543402]: 5927.13
Crop conditions area [3543402]: 0.0
Crop conditions area [3543501]: 3715.2
Crop conditions area [3543600]: 3051.18
Restauration area [3543709]: 477.9
Crop conditions area [3543709]: 1197.99
Crop conditions area [3543907]: 66.06
Restauration area [3544905]: 3022.65
Crop conditions area [3544905]: 1337.94
Restauration area [3545605]: 1117.62
Crop conditions area [3545605]: 0.0
Restauration area [3545803]: 53.82
Crop conditions area [3545803]: 0.0
Crop conditions area [3546207]: 1371.69
Crop conditions area [3546256]: 677.43
Restauration area [3546306]: 1.44
Crop conditions area [3546306]: 8.91
Restauration area [3546405]: 1650.33
Crop conditions area [3546405]: 4959.63
Restauration area [3546504]: 445.5
Crop conditions area [3546504]: 0.0
Restauration area [3546900]: 668.07
Crop conditions area [3546900]: 612.36
Restauration area [3547007]: 42.57
Crop conditions area [3547007]: 1734.12
Crop conditions area [3547502]: 1914.03
Crop conditions area [3547601]: 2484.9
Crop conditions area [3547908]: 6103.98
Restauration area [3548005]: 623.25
Crop conditions area [3548005]: 736.83
Crop conditions area [3548906]: 9372.33
Restauration area [3549102]: 2532.24
Crop conditions area [3549102]: 4478.85
Restauration area [3549409]: 4782.96
Crop conditions area [3549409]: 0.0
Restauration area [3549508]: 2176.29
Crop conditions area [3549508]: 2736.81
Crop conditions area [3549706]: 1635.39
Restauration area [3549805]: 1455.84
Crop conditions area [3549805]: 2113.38
Restauration area [3550100]: 4860.72
Crop conditions area [3550100]: 1405.62
Crop conditions area [3550407]: 3566.61
Crop conditions area [3550506]: 17254.89
Crop conditions area [3550902]: 3119.13
Restauration area [3551306]: 234.72
Crop conditions area [3551306]: 1579.05
Crop conditions area [3551405]: 1410.75
Restauration area [3551504]: 557.46
Crop conditions area [3551504]: 724.59
Restauration area [3551702]: 3110.85
Crop conditions area [3551702]: 0.0
Restauration area [3552700]: 3016.17
Crop conditions area [3552700]: 2557.89
Restauration area [3552908]: 366.93
Crop conditions area [3552908]: 3380.67
Restauration area [3553104]: 7.74
Crop conditions area [3553104]: 1.53
Restauration area [3553203]: 719.55
Crop conditions area [3553203]: 0.0
Crop conditions area [3553302]: 2134.08
Restauration area [3553401]: 5893.11
Crop conditions area [3553401]: 13599.18
Restauration area [3553658]: 201.78
Crop conditions area [3553658]: 0.0
Restauration area [3553708]: 5341.77
Crop conditions area [3553708]: 2336.22
Restauration area [3553807]: 1142.64
Crop conditions area [3553807]: 2753.28
Crop conditions area [3553856]: 436.14
Restauration area [3553955]: 45.18
Crop conditions area [3553955]: 0.0
Restauration area [3554201]: 269.37
Crop conditions area [3554201]: 2445.3
Restauration area [3554409]: 1392.39
Crop conditions area [3554409]: 0.0
Restauration area [3554706]: 1953.81
Crop conditions area [3554706]: 3905.46
Crop conditions area [3554755]: 528.03
Crop conditions area [3555505]: 5955.39
Restauration area [3555604]: 94.68
Crop conditions area [3555604]: 782.91
Restauration area [3556107]: 791.55
Crop conditions area [3556107]: 2261.34
Restauration area [3556404]: 1880.91
Crop conditions area [3556404]: 1963.53
Restauration area [3556800]: 1244.88
Crop conditions area [3556800]: 0.0
Restauration area [3557105]: 1780.38
Crop conditions area [3557105]: 7953.48
Restauration area [3557303]: 753.57
Crop conditions area [3557303]: 1148.22
Crop conditions area [4101606]: 2856.96
Crop conditions area [4104907]: 719.19
Crop conditions area [4112009]: 6825.15
Crop conditions area [4119400]: 3174.57
Restauration area [4125407]: 610.65
Crop conditions area [4125407]: 4207.14
Crop conditions area [4126306]: 9764.91
Crop conditions area [4127106]: 236.34
Crop conditions area [4127502]: 4630.23
Crop conditions area [4128534]: 271.62
Crop conditions area [5000203]: 35182.26
Crop conditions area [5000252]: 1702.26
Crop conditions area [5000708]: 20033.55
Restauration area [5000807]: 3108.42
Crop conditions area [5000807]: 20840.76
Crop conditions area [5000856]: 207.18
Crop conditions area [5000906]: 21621.33
Crop conditions area [5001102]: 903.6
Restauration area [5001243]: 8.82
Crop conditions area [5001243]: 0.0
Crop conditions area [5001508]: 88993.98
Crop conditions area [5001904]: 22733.01
Restauration area [5002001]: 190.62
Crop conditions area [5002001]: 1901.25
Crop conditions area [5002100]: 76213.44
Crop conditions area [5002159]: 11591.91
Crop conditions area [5002209]: 65248.11
Restauration area [5002308]: 614.43
Crop conditions area [5002308]: 6499.53
Crop conditions area [5002407]: 50.22
Crop conditions area [5002605]: 100122.66
Crop conditions area [5002704]: 138777.75
Crop conditions area [5002803]: 14996.52
Crop conditions area [5002902]: 48671.55
Restauration area [5002951]: 539.28
Crop conditions area [5002951]: 62987.13
Crop conditions area [5003108]: 11219.4
Crop conditions area [5003207]: 13775.58
Crop conditions area [5003256]: 53698.05
Crop conditions area [5003306]: 33020.28
Crop conditions area [5003488]: 32441.22
Restauration area [5003702]: 67.23
Crop conditions area [5003702]: 23573.52
Crop conditions area [5003900]: 22733.55
Crop conditions area [5004106]: 29701.26
Crop conditions area [5004502]: 906.12
Crop conditions area [5004908]: 92390.4
Crop conditions area [5005004]: 44500.05
Crop conditions area [5005400]: 46022.67
Crop conditions area [5005608]: 13880.97
Crop conditions area [5005806]: 18403.02
Restauration area [5006002]: 757.71
Crop conditions area [5006002]: 76067.64
Crop conditions area [5006200]: 14766.03
Crop conditions area [5006275]: 149192.01
Crop conditions area [5006408]: 39831.39
Crop conditions area [5006606]: 57112.65
Crop conditions area [5006903]: 15567.3
Crop conditions area [5007109]: 108436.77
Crop conditions area [5007208]: 22838.58
Crop conditions area [5007307]: 20472.57
Crop conditions area [5007406]: 74803.14
Crop conditions area [5007505]: 36840.33
Crop conditions area [5007554]: 14579.01
Crop conditions area [5007695]: 43102.44
Crop conditions area [5007802]: 10211.13
Crop conditions area [5007901]: 84023.46
Crop conditions area [5007935]: 29665.89
Crop conditions area [5008008]: 57238.11
Crop conditions area [5008305]: 4523.4
Crop conditions area [5100102]: 823.86
Crop conditions area [5100201]: 135444.33
Crop conditions area [5100300]: 42538.32
Crop conditions area [5100359]: 11454.12
Crop conditions area [5100409]: 30228.57
Crop conditions area [5100508]: 15037.29
Restauration area [5100607]: 16795.17
Crop conditions area [5100607]: 0.0
Crop conditions area [5101001]: 76643.37
Crop conditions area [5101209]: 178.92
Crop conditions area [5101704]: 4619.79
Crop conditions area [5101803]: 106277.58
Crop conditions area [5101852]: 16115.67
Crop conditions area [5101902]: 29433.24
Crop conditions area [5102504]: 18710.46
Crop conditions area [5102603]: 45476.37
Restauration area [5102637]: 30045.51
Crop conditions area [5102637]: 15389.46
Restauration area [5102678]: 36593.64
Crop conditions area [5102678]: 33808.32
Crop conditions area [5102686]: 12357.72
Crop conditions area [5102694]: 8306.19
Crop conditions area [5102702]: 58075.38
Crop conditions area [5103007]: 36242.28
Crop conditions area [5103106]: 46006.11
Crop conditions area [5103304]: 10298.61
Crop conditions area [5103353]: 4478.58
Crop conditions area [5103361]: 420.21
Crop conditions area [5103403]: 10005.12
Crop conditions area [5103502]: 47561.85
Crop conditions area [5103601]: 24965.1
Crop conditions area [5103858]: 31256.55
Crop conditions area [5103908]: 25636.77
Crop conditions area [5104203]: 38965.05
Restauration area [5104526]: 1302.48
Crop conditions area [5104526]: 0.0
Restauration area [5104609]: 19059.84
Crop conditions area [5104609]: 94228.83
Crop conditions area [5104807]: 19822.77
Crop conditions area [5104906]: 6786.81
Restauration area [5105150]: 122319.9
Crop conditions area [5105150]: 0.0
Crop conditions area [5105200]: 36408.6
Restauration area [5105259]: 13910.31
Crop conditions area [5105259]: 0.0
Crop conditions area [5105309]: 1110.15
Crop conditions area [5105903]: 41462.64
Crop conditions area [5106000]: 8759.34
Crop conditions area [5106109]: 7456.68
Crop conditions area [5106174]: 24624.36
Crop conditions area [5106182]: 3881.61
Crop conditions area [5106208]: 35971.92
Crop conditions area [5106224]: 46497.96
Crop conditions area [5106240]: 28279.89
Crop conditions area [5106257]: 80230.5
Crop conditions area [5106281]: 42521.13
Crop conditions area [5106307]: 197267.76
Crop conditions area [5106372]: 31964.22
Crop conditions area [5106455]: 39160.26
Crop conditions area [5106505]: 36356.67
Crop conditions area [5106653]: 9979.92
Crop conditions area [5106703]: 3057.66
Crop conditions area [5106778]: 6704.82
Crop conditions area [5107008]: 42346.17
Restauration area [5107040]: 44890.74
Crop conditions area [5107040]: 43459.83
Crop conditions area [5107156]: 106.56
Crop conditions area [5107180]: 32110.74
Restauration area [5107198]: 441.81
Crop conditions area [5107198]: 8749.44
Restauration area [5107297]: 5063.04
Crop conditions area [5107297]: 562.5
Crop conditions area [5107305]: 36029.52
Crop conditions area [5107404]: 6837.75
Restauration area [5107602]: 35579.97
Crop conditions area [5107602]: 69588.36
Crop conditions area [5107701]: 50899.68
Crop conditions area [5107768]: 23814.36
Crop conditions area [5107776]: 45360.9
Crop conditions area [5107792]: 32886.81
Crop conditions area [5107800]: 40672.08
Crop conditions area [5107859]: 15350.4
Crop conditions area [5107875]: 29486.43
Crop conditions area [5107883]: 14560.02
Restauration area [5107925]: 35557.2
Crop conditions area [5107925]: 1247.76
Crop conditions area [5107958]: 10763.46
Crop conditions area [5108006]: 3554.73
Crop conditions area [5108105]: 42108.57
Crop conditions area [5108204]: 27503.37
Crop conditions area [5108352]: 2117.07
Crop conditions area [5108501]: 34.65
Crop conditions area [5108600]: 9220.86
Crop conditions area [5108907]: 7314.39
Restauration area [5200050]: 159.66
Crop conditions area [5200050]: 4798.62
Crop conditions area [5200100]: 20058.03
Crop conditions area [5200134]: 23591.34
Restauration area [5200159]: 516.69
Crop conditions area [5200159]: 4572.09
Crop conditions area [5200175]: 16615.53
Restauration area [5200209]: 75.24
Crop conditions area [5200209]: 171.54
Crop conditions area [5200258]: 2174.85
Crop conditions area [5200308]: 15433.02
Restauration area [5200506]: 371.16
Crop conditions area [5200506]: 3487.68
Crop conditions area [5200555]: 6553.17
Crop conditions area [5200605]: 6761.16
Crop conditions area [5200803]: 13535.28
Crop conditions area [5200829]: 28381.77
Crop conditions area [5200852]: 4225.14
Crop conditions area [5200902]: 11330.01
Crop conditions area [5201108]: 21201.48
Crop conditions area [5201207]: 1025.1
Crop conditions area [5201306]: 28081.62
Crop conditions area [5201405]: 4263.93
Crop conditions area [5201454]: 22546.17
Crop conditions area [5201504]: 70891.29
Crop conditions area [5201603]: 4931.01
Crop conditions area [5201702]: 11032.47
Crop conditions area [5201801]: 7691.4
Crop conditions area [5202155]: 17025.75
Crop conditions area [5202353]: 19802.07
Crop conditions area [5202502]: 46340.82
Crop conditions area [5202601]: 8171.82
Restauration area [5202809]: 184.95
Crop conditions area [5202809]: 5987.07
Crop conditions area [5203104]: 28424.88
Crop conditions area [5203203]: 13180.86
Crop conditions area [5203302]: 36758.52
Crop conditions area [5203401]: 41118.03
Restauration area [5203500]: 11970.99
Crop conditions area [5203500]: 11879.64
Crop conditions area [5203559]: 3113.01
Crop conditions area [5203575]: 48125.25
Crop conditions area [5203609]: 3476.79
Crop conditions area [5203807]: 45145.17
Restauration area [5203906]: 365.85
Crop conditions area [5203906]: 6815.25
Crop conditions area [5203939]: 633.15
Crop conditions area [5203962]: 111.06
Crop conditions area [5204003]: 17611.65
Crop conditions area [5204102]: 26181.54
Crop conditions area [5204201]: 1870.83
Restauration area [5204250]: 1397.43
Crop conditions area [5204250]: 4279.95
Restauration area [5204300]: 1764.72
Crop conditions area [5204300]: 22779.54
Crop conditions area [5204409]: 125409.69
Crop conditions area [5204508]: 26543.07
Crop conditions area [5204557]: 7468.2
Crop conditions area [5204607]: 7842.6
Crop conditions area [5204656]: 2905.92
Crop conditions area [5204706]: 17107.2
Crop conditions area [5204805]: 28836.81
Crop conditions area [5204854]: 4810.41
Crop conditions area [5204904]: 6066.63
Crop conditions area [5204953]: 14538.51
Crop conditions area [5205000]: 10122.75
Restauration area [5205059]: 1519.56
Crop conditions area [5205059]: 6095.34
Crop conditions area [5205109]: 52544.25
Crop conditions area [5205208]: 6416.46
Crop conditions area [5205307]: 652.23
Restauration area [5205406]: 79.83
Crop conditions area [5205406]: 3116.88
Crop conditions area [5205455]: 11833.74
Crop conditions area [5205471]: 6996.33
Crop conditions area [5205497]: 7817.4
Crop conditions area [5205513]: 26195.13
Crop conditions area [5205703]: 313.11
Crop conditions area [5205802]: 23298.93
Crop conditions area [5205901]: 13434.93
Crop conditions area [5206206]: 66930.75
Crop conditions area [5206305]: 5640.84
Crop conditions area [5206404]: 2622.06
Crop conditions area [5206503]: 11989.89
Crop conditions area [5206602]: 10832.49
Crop conditions area [5206701]: 1487.34
Crop conditions area [5206800]: 2406.51
Crop conditions area [5206909]: 9710.28
Crop conditions area [5207105]: 13340.52
Crop conditions area [5207253]: 57269.07
Crop conditions area [5207352]: 12095.19
Crop conditions area [5207402]: 18961.83
Crop conditions area [5207501]: 8643.6
Crop conditions area [5207535]: 5416.65
Crop conditions area [5207600]: 8584.83
Restauration area [5207808]: 2852.01
Crop conditions area [5207808]: 14431.68
Crop conditions area [5207907]: 15016.14
Crop conditions area [5208004]: 81448.2
Crop conditions area [5208103]: 9863.01
Crop conditions area [5208152]: 7996.5
Crop conditions area [5208301]: 2116.8
Crop conditions area [5208400]: 3794.49
Crop conditions area [5208509]: 13659.93
Crop conditions area [5208608]: 26008.11
Crop conditions area [5208707]: 11614.86
Crop conditions area [5208806]: 5996.88
Crop conditions area [5208905]: 17552.7
Restauration area [5209101]: 10622.7
Crop conditions area [5209101]: 25503.93
Crop conditions area [5209200]: 18226.53
Crop conditions area [5209291]: 2146.23
Crop conditions area [5209408]: 510.57
Crop conditions area [5209457]: 184.41
Crop conditions area [5209606]: 5994.9
Crop conditions area [5209705]: 30471.3
Crop conditions area [5209804]: 8322.75
Restauration area [5209937]: 2720.97
Crop conditions area [5209937]: 4265.73
Crop conditions area [5209952]: 22238.91
Crop conditions area [5210000]: 14796.45
Crop conditions area [5210109]: 66440.88
Restauration area [5210158]: 1275.57
Crop conditions area [5210158]: 3802.77
Crop conditions area [5210208]: 25223.94
Crop conditions area [5210307]: 6774.21
Crop conditions area [5210406]: 42053.94
Restauration area [5210562]: 147.87
Crop conditions area [5210562]: 4743.45
Crop conditions area [5210604]: 7326.63
Crop conditions area [5210901]: 12914.91
Crop conditions area [5211008]: 48479.4
Crop conditions area [5211206]: 14105.34
Crop conditions area [5211305]: 25219.89
Crop conditions area [5211404]: 10406.7
Restauration area [5211503]: 10669.32
Crop conditions area [5211503]: 23846.04
Crop conditions area [5211602]: 21339.54
Crop conditions area [5211701]: 21630.42
Crop conditions area [5211800]: 44156.79
Crop conditions area [5211909]: 110702.52
Crop conditions area [5212006]: 8054.01
Crop conditions area [5212055]: 4136.67
Restauration area [5212105]: 903.51
Crop conditions area [5212105]: 6936.66
Crop conditions area [5212204]: 100647.0
Crop conditions area [5212303]: 10541.97
Crop conditions area [5212501]: 66238.65
Crop conditions area [5212600]: 12325.5
Crop conditions area [5212709]: 2032.2
Crop conditions area [5212808]: 42704.55
Crop conditions area [5212907]: 3245.31
Crop conditions area [5212956]: 29344.32
Restauration area [5213004]: 3199.86
Crop conditions area [5213004]: 3373.2
Crop conditions area [5213053]: 17738.46
Crop conditions area [5213087]: 16082.19
Crop conditions area [5213103]: 102569.13
Crop conditions area [5213400]: 2916.72
Crop conditions area [5213509]: 3959.82
Crop conditions area [5213707]: 78543.18
Restauration area [5213756]: 1116.45
Crop conditions area [5213756]: 7004.25
Crop conditions area [5213772]: 17385.48
Crop conditions area [5213806]: 68973.3
Crop conditions area [5213855]: 235.53
Crop conditions area [5213905]: 15431.31
Crop conditions area [5214002]: 28237.23
Crop conditions area [5214051]: 49715.01
Crop conditions area [5214101]: 19576.35
Crop conditions area [5214408]: 7680.87
Crop conditions area [5214507]: 5200.29
Crop conditions area [5214606]: 67617.9
Crop conditions area [5214804]: 5098.05
Crop conditions area [5214838]: 107595.9
Restauration area [5214861]: 2885.49
Crop conditions area [5214861]: 8198.01
Crop conditions area [5214879]: 7610.67
Crop conditions area [5214903]: 3420.99
Crop conditions area [5215009]: 3099.42
Crop conditions area [5215231]: 3098.52
Crop conditions area [5215256]: 39681.9
Crop conditions area [5215306]: 43759.17
Crop conditions area [5215405]: 5002.83
Crop conditions area [5215504]: 9709.47
Crop conditions area [5215603]: 44082.63
Crop conditions area [5215652]: 29087.91
Restauration area [5215702]: 196.92
Crop conditions area [5215702]: 43878.15
Crop conditions area [5215801]: 1642.95
Restauration area [5215900]: 2343.51
Crop conditions area [5215900]: 13439.97
Restauration area [5216007]: 1001.7
Crop conditions area [5216007]: 9346.32
Crop conditions area [5216304]: 2778.84
Crop conditions area [5216403]: 47530.44
Crop conditions area [5216452]: 6683.04
Crop conditions area [5216809]: 14208.3
Crop conditions area [5216908]: 3627.63
Crop conditions area [5217104]: 61729.74
Crop conditions area [5217203]: 47690.73
Crop conditions area [5217302]: 31316.31
Crop conditions area [5217401]: 25946.37
Crop conditions area [5217609]: 19780.83
Crop conditions area [5217708]: 31685.67
Crop conditions area [5218003]: 132290.64
Restauration area [5218052]: 1663.65
Crop conditions area [5218052]: 3983.85
Crop conditions area [5218102]: 4829.04
Crop conditions area [5218300]: 6329.52
Crop conditions area [5218391]: 11502.36
Crop conditions area [5218508]: 40741.83
Crop conditions area [5218607]: 4420.98
Crop conditions area [5218706]: 3867.66
Crop conditions area [5218789]: 5226.12
Crop conditions area [5218805]: 89397.63
Crop conditions area [5218904]: 2928.6
Crop conditions area [5219001]: 9996.12
Crop conditions area [5219100]: 4608.36
Crop conditions area [5219209]: 19857.24
Crop conditions area [5219258]: 34523.73
Restauration area [5219308]: 9659.52
Crop conditions area [5219308]: 9119.07
Crop conditions area [5219357]: 17110.17
Crop conditions area [5219407]: 23543.28
Crop conditions area [5219456]: 19582.38
Crop conditions area [5219506]: 4917.15
Crop conditions area [5219605]: 22600.89
Crop conditions area [5219704]: 20783.88
Crop conditions area [5219712]: 7033.41
Crop conditions area [5219738]: 4093.02
Crop conditions area [5219753]: 12529.62
Crop conditions area [5219803]: 9728.37
Crop conditions area [5219902]: 11983.86
Crop conditions area [5220009]: 10957.68
Restauration area [5220058]: 1932.3
Crop conditions area [5220058]: 7687.44
Crop conditions area [5220108]: 17965.44
Crop conditions area [5220157]: 9544.14
Crop conditions area [5220207]: 105257.43
Crop conditions area [5220264]: 10377.9
Restauration area [5220280]: 214.11
Crop conditions area [5220280]: 2459.88
Crop conditions area [5220454]: 6133.86
Crop conditions area [5220504]: 97468.83
Crop conditions area [5220603]: 34669.17
Crop conditions area [5220686]: 2808.36
Crop conditions area [5220702]: 15175.98
Crop conditions area [5221007]: 5226.75
Crop conditions area [5221197]: 3053.88
Crop conditions area [5221304]: 3948.57
Crop conditions area [5221403]: 21791.7
Crop conditions area [5221452]: 13504.14
Restauration area [5221502]: 1509.66
Crop conditions area [5221502]: 15837.39
Restauration area [5221551]: 2187.36
Crop conditions area [5221551]: 9241.11
Crop conditions area [5221577]: 13463.73
Crop conditions area [5221601]: 34378.65
Crop conditions area [5221700]: 15999.39
Crop conditions area [5221809]: 14799.42
Crop conditions area [5221858]: 442.89
Crop conditions area [5221908]: 13948.74
Crop conditions area [5222005]: 13294.44
Restauration area [5222054]: 2277.9
Crop conditions area [5222054]: 9162.81
Crop conditions area [5222203]: 6102.54
Crop conditions area [5222302]: 34420.05
Crop conditions area [5300108]: 56149.38
